[00:00:01] ===== 每日金融分析开始 =====
[00:00:01] --- [1/5] 黄金分析 ---
Traceback (most recent call last):
  File "/opt/finance-analysis/gold_analysis.py", line 9, in <module>
    import yfinance as yf
ModuleNotFoundError: No module named 'yfinance'
[00:00:01] [错误] 黄金分析失败，继续下一步
[00:00:01] --- [2/3] BTC 分析 ---
Traceback (most recent call last):
  File "/opt/finance-analysis/btc_analysis.py", line 25, in <module>
    import yfinance as yf
ModuleNotFoundError: No module named 'yfinance'
[00:00:01] [错误] BTC 分析失败，继续下一步
[00:00:01] --- [3/5] GOOGL 分析 ---
Traceback (most recent call last):
  File "/opt/finance-analysis/tech_stock_analysis.py", line 15, in <module>
    import yfinance as yf
ModuleNotFoundError: No module named 'yfinance'
[00:00:01] [错误] GOOGL 分析失败，继续下一步
[00:00:01] --- [4/5] NVDA 分析 ---
Traceback (most recent call last):
  File "/opt/finance-analysis/tech_stock_analysis.py", line 15, in <module>
    import yfinance as yf
ModuleNotFoundError: No module named 'yfinance'
[00:00:02] [错误] NVDA 分析失败，继续下一步
[00:00:02] --- [5/5 前] AMZN 分析 ---
Traceback (most recent call last):
  File "/opt/finance-analysis/tech_stock_analysis.py", line 15, in <module>
    import yfinance as yf
ModuleNotFoundError: No module named 'yfinance'
[00:00:02] [错误] AMZN 分析失败，继续下一步
[00:00:02] --- [6/6] 飞书推送 ---
飞书消息发送成功
[00:00:02] 飞书推送完成
[00:00:02] --- [7/7] 信号持久化 ---
  [新增] 2026-04-09 NVDA  action=no_trade  bias=0.0  regime=Consolidation
  [新增] 2026-04-09 MSFT  action=no_trade  bias=0.48  regime=Trending-Down
  [新增] 2026-04-09 GOOGL  action=long  bias=0.56  regime=Trending-Up
  [新增] 2026-04-09 AAPL  action=no_trade  bias=0.48  regime=Consolidation
  [新增] 2026-04-09 META  action=no_trade  bias=0.48  regime=Consolidation
  [新增] 2026-04-09 AMZN  action=no_trade  bias=0.45  regime=Consolidation
  [新增] 2026-04-09 GOLD  action=long  bias=0.65  regime=Trending
  [新增] 2026-04-09 BTC  action=long  bias=0.55  regime=Trending

✅ 已追加 8 条信号 → live_signal_log.csv
[00:00:02] 信号持久化完成
[00:00:02] ===== 每日分析全部完成（黄金 + BTC + GOOGL + NVDA + AMZN）=====
