[00:00:01] ===== 每日金融分析开始 =====
[00:00:01] --- [1/5] 黄金分析 ---

1 Failed download:
['GC=F']: TypeError("'NoneType' object is not subscriptable")

1 Failed download:
['GC=F']: TypeError("'NoneType' object is not subscriptable")
正在获取黄金期货数据 (GC=F)...
Traceback (most recent call last):
  File "/opt/finance-analysis/gold_analysis.py", line 1253, in <module>
    main()
  File "/opt/finance-analysis/gold_analysis.py", line 1180, in main
    daily, weekly = fetch_gold_data()
  File "/opt/finance-analysis/gold_analysis.py", line 192, in fetch_gold_data
    raise ValueError("数据获取失败，请检查网络或 ticker 是否正确")
ValueError: 数据获取失败，请检查网络或 ticker 是否正确
[00:00:08] [错误] 黄金分析失败，继续下一步
[00:00:08] --- [2/3] BTC 分析 ---

1 Failed download:
['BTC-USD']: TypeError("'NoneType' object is not subscriptable")

1 Failed download:
['BTC-USD']: TypeError("'NoneType' object is not subscriptable")

1 Failed download:
['BTC-USD']: TypeError("'NoneType' object is not subscriptable")
正在获取 BTC-USD 数据...
Traceback (most recent call last):
  File "/opt/finance-analysis/btc_analysis.py", line 1086, in <module>
    main()
  File "/opt/finance-analysis/btc_analysis.py", line 1040, in main
    daily, weekly, monthly = fetch_btc_data()
  File "/opt/finance-analysis/btc_analysis.py", line 172, in fetch_btc_data
    raise ValueError(f"{ticker} 数据获取失败，请检查网络")
ValueError: BTC-USD 数据获取失败，请检查网络
[00:00:19] [错误] BTC 分析失败，继续下一步
[00:00:19] --- [3/5] GOOGL 分析 ---

1 Failed download:
['GOOGL']: TypeError("'NoneType' object is not subscriptable")

1 Failed download:
['GOOGL']: TypeError("'NoneType' object is not subscriptable")

1 Failed download:
['GOOGL']: TypeError("'NoneType' object is not subscriptable")
正在获取 GOOGL 股价数据...
Traceback (most recent call last):
  File "/opt/finance-analysis/tech_stock_analysis.py", line 1370, in <module>
    main()
  File "/opt/finance-analysis/tech_stock_analysis.py", line 1313, in main
    daily, weekly, monthly = fetch_stock_data(ticker)
  File "/opt/finance-analysis/tech_stock_analysis.py", line 170, in fetch_stock_data
    raise ValueError(f"无法获取 {ticker} 数据，请检查 ticker 或网络连接")
ValueError: 无法获取 GOOGL 数据，请检查 ticker 或网络连接
[00:00:21] [错误] GOOGL 分析失败，继续下一步
[00:00:21] --- [4/5] NVDA 分析 ---

1 Failed download:
['NVDA']: TypeError("'NoneType' object is not subscriptable")

1 Failed download:
['NVDA']: TypeError("'NoneType' object is not subscriptable")

1 Failed download:
['NVDA']: TypeError("'NoneType' object is not subscriptable")
正在获取 NVDA 股价数据...
Traceback (most recent call last):
  File "/opt/finance-analysis/tech_stock_analysis.py", line 1370, in <module>
    main()
  File "/opt/finance-analysis/tech_stock_analysis.py", line 1313, in main
    daily, weekly, monthly = fetch_stock_data(ticker)
  File "/opt/finance-analysis/tech_stock_analysis.py", line 170, in fetch_stock_data
    raise ValueError(f"无法获取 {ticker} 数据，请检查 ticker 或网络连接")
ValueError: 无法获取 NVDA 数据，请检查 ticker 或网络连接
[00:00:23] [错误] NVDA 分析失败，继续下一步
[00:00:23] --- [5/5 前] AMZN 分析 ---

1 Failed download:
['AMZN']: TypeError("'NoneType' object is not subscriptable")

1 Failed download:
['AMZN']: TypeError("'NoneType' object is not subscriptable")

1 Failed download:
['AMZN']: TypeError("'NoneType' object is not subscriptable")
正在获取 AMZN 股价数据...
Traceback (most recent call last):
  File "/opt/finance-analysis/tech_stock_analysis.py", line 1370, in <module>
    main()
  File "/opt/finance-analysis/tech_stock_analysis.py", line 1313, in main
    daily, weekly, monthly = fetch_stock_data(ticker)
  File "/opt/finance-analysis/tech_stock_analysis.py", line 170, in fetch_stock_data
    raise ValueError(f"无法获取 {ticker} 数据，请检查 ticker 或网络连接")
ValueError: 无法获取 AMZN 数据，请检查 ticker 或网络连接
[00:00:24] [错误] AMZN 分析失败，继续下一步
[00:00:24] --- [6/6] 飞书推送 ---
飞书消息发送成功
[00:00:25] 飞书推送完成
[00:00:25] ===== 每日分析全部完成（黄金 + BTC + GOOGL + NVDA + AMZN）=====
